node:internal/modules/cjs/loader:1386
  throw err;
  ^

Error: Cannot find module '@prisma/debug'
Require stack:
- /Users/dzovani/Downloads/tl-reloaded-main/tl-reloaded/node_modules/.pnpm/@prisma+engines@6.3.1/node_modules/@prisma/engines/dist/scripts/postinstall.js
- /Users/dzovani/Downloads/tl-reloaded-main/tl-reloaded/node_modules/.pnpm/@prisma+engines@6.3.1/node_modules/@prisma/engines/scripts/postinstall.js
    at Module._resolveFilename (node:internal/modules/cjs/loader:1383:15)
    at defaultResolveImpl (node:internal/modules/cjs/loader:1025:19)
    at resolveForCJSWithHooks (node:internal/modules/cjs/loader:1030:22)
    at Module._load (node:internal/modules/cjs/loader:1192:37)
    at TracingChannel.traceSync (node:diagnostics_channel:328:14)
    at wrapModuleLoad (node:internal/modules/cjs/loader:237:24)
    at Module.require (node:internal/modules/cjs/loader:1463:12)
    at require (node:internal/modules/helpers:147:16)
    at Object.<anonymous> (/Users/dzovani/Downloads/tl-reloaded-main/tl-reloaded/node_modules/.pnpm/@prisma+engines@6.3.1/node_modules/@prisma/engines/dist/scripts/postinstall.js:26:29)
    at Module._compile (node:internal/modules/cjs/loader:1706:14) {
  code: 'MODULE_NOT_FOUND',
  requireStack: [
    '/Users/dzovani/Downloads/tl-reloaded-main/tl-reloaded/node_modules/.pnpm/@prisma+engines@6.3.1/node_modules/@prisma/engines/dist/scripts/postinstall.js',
    '/Users/dzovani/Downloads/tl-reloaded-main/tl-reloaded/node_modules/.pnpm/@prisma+engines@6.3.1/node_modules/@prisma/engines/scripts/postinstall.js'
  ]
}

Node.js v22.22.0
